{"logTime": "0615/055313", "correlationVector":"lNrptPuFpvKZzqtOIqkE7c.2","action":"GetUpdates Response", "result":"SYNCER_OK", "context":Received 3 update(s). cV=lNrptPuFpvKZzqtOIqkE7c.0;server=GENERAL0100000A;cloudType=Consumer;environment=Prod_WestEurope_x00e;migrationStage=NotStarted}
{"logTime": "0615/055352", "correlationVector":"PTCT3oYxN9YkwY29643VIj","action":"Normal GetUpdate request", "result":"", "context":cV=PTCT3oYxN9YkwY29643VIj
Notified types: Extension settings}
{"logTime": "0615/055353", "correlationVector":"PTCT3oYxN9YkwY29643VIj.1","action":"SyncServerConnectionManagerRequest", "result":"SYNC_SERVER_OK", "context":{"environment":"Prod_WestEurope_x00e", "migrationStage":"NotStarted", "server":"GENERAL01000011"}}
{"logTime": "0615/055353", "correlationVector":"PTCT3oYxN9YkwY29643VIj.2","action":"GetUpdates Response", "result":"SYNCER_OK", "context":Received 2 update(s). cV=PTCT3oYxN9YkwY29643VIj.0;server=GENERAL01000011;cloudType=Consumer;environment=Prod_WestEurope_x00e;migrationStage=NotStarted}
{"logTime": "0615/055432", "correlationVector":"iBeHhiK4StwcmAYgQAWrPJ","action":"Normal GetUpdate request", "result":"", "context":cV=iBeHhiK4StwcmAYgQAWrPJ
Notified types: Extension settings}
{"logTime": "0615/055432", "correlationVector":"iBeHhiK4StwcmAYgQAWrPJ.1","action":"SyncServerConnectionManagerRequest", "result":"SYNC_SERVER_OK", "context":{"environment":"Prod_WestEurope_x00e", "migrationStage":"NotStarted", "server":"GENERAL01000016"}}
{"logTime": "0615/055432", "correlationVector":"iBeHhiK4StwcmAYgQAWrPJ.2","action":"GetUpdates Response", "result":"SYNCER_OK", "context":Received 3 update(s). cV=iBeHhiK4StwcmAYgQAWrPJ.0;server=GENERAL01000016;cloudType=Consumer;environment=Prod_WestEurope_x00e;migrationStage=NotStarted}
{"logTime": "0615/055720", "correlationVector":"kGUcNpvOhqDIqHz92QJhGl","action":"Normal GetUpdate request", "result":"", "context":cV=kGUcNpvOhqDIqHz92QJhGl
Notified types: Extension settings}
{"logTime": "0615/055720", "correlationVector":"kGUcNpvOhqDIqHz92QJhGl.1","action":"SyncServerConnectionManagerRequest", "result":"SYNC_SERVER_OK", "context":{"environment":"Prod_WestEurope_x00e", "migrationStage":"NotStarted", "server":"GENERAL0100002G"}}
{"logTime": "0615/055720", "correlationVector":"kGUcNpvOhqDIqHz92QJhGl.2","action":"GetUpdates Response", "result":"SYNCER_OK", "context":Received 2 update(s). cV=kGUcNpvOhqDIqHz92QJhGl.0;server=GENERAL0100002G;cloudType=Consumer;environment=Prod_WestEurope_x00e;migrationStage=NotStarted}
{"logTime": "0615/055741", "correlationVector":"ITtufQ/JgZtqqqi934M2WH","action":"Normal GetUpdate request", "result":"", "context":cV=ITtufQ/JgZtqqqi934M2WH
Notified types: Extension settings}
{"logTime": "0615/055742", "correlationVector":"ITtufQ/JgZtqqqi934M2WH.1","action":"SyncServerConnectionManagerRequest", "result":"SYNC_SERVER_OK", "context":{"environment":"Prod_WestEurope_000l", "migrationStage":"NotStarted", "server":"GENERAL01000003"}}
{"logTime": "0615/055742", "correlationVector":"ITtufQ/JgZtqqqi934M2WH.2","action":"GetUpdates Response", "result":"SYNCER_OK", "context":Received 2 update(s). cV=ITtufQ/JgZtqqqi934M2WH.0;server=GENERAL01000003;cloudType=Consumer;environment=Prod_WestEurope_000l;migrationStage=NotStarted}
{"logTime": "0615/055758", "correlationVector":"Qgglpipc+r6F0lDTNDl1kt","action":"Normal GetUpdate request", "result":"", "context":cV=Qgglpipc+r6F0lDTNDl1kt
Notified types: Extension settings}
{"logTime": "0615/055758", "correlationVector":"Qgglpipc+r6F0lDTNDl1kt.1","action":"SyncServerConnectionManagerRequest", "result":"SYNC_SERVER_OK", "context":{"environment":"Prod_NorthEurope_000h", "migrationStage":"NotStarted", "server":"GENERAL0100002M"}}
{"logTime": "0615/055758", "correlationVector":"Qgglpipc+r6F0lDTNDl1kt.2","action":"GetUpdates Response", "result":"SYNCER_OK", "context":Received 2 update(s). cV=Qgglpipc+r6F0lDTNDl1kt.0;server=GENERAL0100002M;cloudType=Consumer;environment=Prod_NorthEurope_000h;migrationStage=NotStarted}
{"logTime": "0615/055826", "correlationVector":"9MkBxjPy3MGqDsfOzSVPck","action":"Normal GetUpdate request", "result":"", "context":cV=9MkBxjPy3MGqDsfOzSVPck
Notified types: Extension settings}
{"logTime": "0615/055827", "correlationVector":"9MkBxjPy3MGqDsfOzSVPck.1","action":"SyncServerConnectionManagerRequest", "result":"SYNC_SERVER_OK", "context":{"environment":"Prod_WestEurope_000l", "migrationStage":"NotStarted", "server":"GENERAL0100001C"}}
{"logTime": "0615/055827", "correlationVector":"9MkBxjPy3MGqDsfOzSVPck.2","action":"GetUpdates Response", "result":"SYNCER_OK", "context":Received 2 update(s). cV=9MkBxjPy3MGqDsfOzSVPck.0;server=GENERAL0100001C;cloudType=Consumer;environment=Prod_WestEurope_000l;migrationStage=NotStarted}
{"logTime": "0615/055846", "correlationVector":"Hgh0usMbOIkFBlzq53ijP5","action":"Normal GetUpdate request", "result":"", "context":cV=Hgh0usMbOIkFBlzq53ijP5
Notified types: Extension settings}
{"logTime": "0615/055846", "correlationVector":"Hgh0usMbOIkFBlzq53ijP5.1","action":"SyncServerConnectionManagerRequest", "result":"SYNC_SERVER_OK", "context":{"environment":"Prod_NorthEurope_000h", "migrationStage":"NotStarted", "server":"GENERAL01000010"}}
{"logTime": "0615/055846", "correlationVector":"Hgh0usMbOIkFBlzq53ijP5.2","action":"GetUpdates Response", "result":"SYNCER_OK", "context":Received 2 update(s). cV=Hgh0usMbOIkFBlzq53ijP5.0;server=GENERAL01000010;cloudType=Consumer;environment=Prod_NorthEurope_000h;migrationStage=NotStarted}
{"logTime": "0615/055853", "correlationVector":"wfO3ve6kkqfJgTccQsJRNo","action":"Normal GetUpdate request", "result":"", "context":cV=wfO3ve6kkqfJgTccQsJRNo
Notified types: Extension settings}
{"logTime": "0615/055853", "correlationVector":"wfO3ve6kkqfJgTccQsJRNo.1","action":"SyncServerConnectionManagerRequest", "result":"SYNC_SERVER_OK", "context":{"environment":"Prod_NorthEurope_000h", "migrationStage":"NotStarted", "server":"GENERAL0100002G"}}
{"logTime": "0615/055853", "correlationVector":"wfO3ve6kkqfJgTccQsJRNo.2","action":"GetUpdates Response", "result":"SYNCER_OK", "context":Received 2 update(s). cV=wfO3ve6kkqfJgTccQsJRNo.0;server=GENERAL0100002G;cloudType=Consumer;environment=Prod_NorthEurope_000h;migrationStage=NotStarted}
{"logTime": "0615/061532", "correlationVector":"p2BMnDonYRnRNpNEc3k/zo","action":"Commit Request", "result":"", "context":Item count: 2
Contributing types: Sessions}
{"logTime": "0615/061532", "correlationVector":"p2BMnDonYRnRNpNEc3k/zo.1","action":"SyncServerConnectionManagerRequest", "result":"SYNC_SERVER_OK", "context":{"environment":"Prod_NorthEurope_000h", "migrationStage":"NotStarted", "server":"GENERAL01000003"}}
{"logTime": "0615/061532", "correlationVector":"p2BMnDonYRnRNpNEc3k/zo.3","action":"Commit.Sessions", "result":"Success", "context":{"id":"34c95de0-e92a-496d-9490-42c787f6d21b", "isDeleted":"true", "size":"0", "version":"1686808351050"}}
{"logTime": "0615/061532", "correlationVector":"p2BMnDonYRnRNpNEc3k/zo.2","action":"Commit Response", "result":"SYNCER_OK", "context":Result: SYNCER_OK. cV=p2BMnDonYRnRNpNEc3k/zo.0;server=GENERAL01000003;cloudType=Consumer;environment=Prod_NorthEurope_000h;migrationStage=NotStarted}
{"logTime": "0615/061634", "correlationVector":"Eyw6YofSvkeJf7F0KeFyl/","action":"Commit Request", "result":"", "context":Item count: 2
Contributing types: Autofill Profiles, Sessions}
{"logTime": "0615/061634", "correlationVector":"Eyw6YofSvkeJf7F0KeFyl/.1","action":"SyncServerConnectionManagerRequest", "result":"SYNC_SERVER_OK", "context":{"environment":"Prod_WestEurope_x00e", "migrationStage":"NotStarted", "server":"GENERAL0100001B"}}
{"logTime": "0615/061634", "correlationVector":"Eyw6YofSvkeJf7F0KeFyl/.2","action":"Commit Response", "result":"SYNCER_OK", "context":Result: SYNCER_OK. cV=Eyw6YofSvkeJf7F0KeFyl/.0;server=GENERAL0100001B;cloudType=Consumer;environment=Prod_WestEurope_x00e;migrationStage=NotStarted}
{"logTime": "0615/061641", "correlationVector":"Mlewa9CxMSd2QmVuk3nJ6V","action":"Commit Request", "result":"", "context":Item count: 1
Contributing types: Passwords}
{"logTime": "0615/061641", "correlationVector":"Mlewa9CxMSd2QmVuk3nJ6V.1","action":"SyncServerConnectionManagerRequest", "result":"SYNC_SERVER_OK", "context":{"environment":"Prod_NorthEurope_000h", "migrationStage":"NotStarted", "server":"GENERAL0100001D"}}
{"logTime": "0615/061641", "correlationVector":"Mlewa9CxMSd2QmVuk3nJ6V.2","action":"Commit Response", "result":"SYNCER_OK", "context":Result: SYNCER_OK. cV=Mlewa9CxMSd2QmVuk3nJ6V.0;server=GENERAL0100001D;cloudType=Consumer;environment=Prod_NorthEurope_000h;migrationStage=NotStarted}
{"logTime": "0615/061644", "correlationVector":"6KOCf9cz/NhP66Zwn1astn","action":"Commit Request", "result":"", "context":Item count: 1
Contributing types: Passwords}
{"logTime": "0615/061644", "correlationVector":"6KOCf9cz/NhP66Zwn1astn.1","action":"SyncServerConnectionManagerRequest", "result":"SYNC_SERVER_OK", "context":{"environment":"Prod_NorthEurope_000h", "migrationStage":"NotStarted", "server":"GENERAL0100001A"}}
{"logTime": "0615/061644", "correlationVector":"6KOCf9cz/NhP66Zwn1astn.2","action":"Commit Response", "result":"SYNCER_OK", "context":Result: SYNCER_OK. cV=6KOCf9cz/NhP66Zwn1astn.0;server=GENERAL0100001A;cloudType=Consumer;environment=Prod_NorthEurope_000h;migrationStage=NotStarted}
{"logTime": "0615/061646", "correlationVector":"n1qmReD67Ew/0f70SiVIQH","action":"Normal GetUpdate request", "result":"", "context":cV=n1qmReD67Ew/0f70SiVIQH
Notified types: Passwords}
{"logTime": "0615/061646", "correlationVector":"n1qmReD67Ew/0f70SiVIQH.1","action":"SyncServerConnectionManagerRequest", "result":"SYNC_SERVER_OK", "context":{"environment":"Prod_WestEurope_x00e", "migrationStage":"NotStarted", "server":"GENERAL0100000W"}}
{"logTime": "0615/061646", "correlationVector":"n1qmReD67Ew/0f70SiVIQH.2","action":"GetUpdates", "result":"DeleteReceived", "context":{"id":"cc3a85a8-c2e4-4251-8f58-8280f2533a7e", "isDeleted:":"true", "version":"1686808767339"}}
{"logTime": "0615/061646", "correlationVector":"n1qmReD67Ew/0f70SiVIQH.3","action":"GetUpdates", "result":"DeleteReceived", "context":{"id":"34c95de0-e92a-496d-9490-42c787f6d21b", "isDeleted:":"true", "version":"1686809732434"}}
{"logTime": "0615/061646", "correlationVector":"n1qmReD67Ew/0f70SiVIQH.4","action":"GetUpdates Response", "result":"SYNCER_OK", "context":Received 9 update(s). cV=n1qmReD67Ew/0f70SiVIQH.0;server=GENERAL0100000W;cloudType=Consumer;environment=Prod_WestEurope_x00e;migrationStage=NotStarted}
{"logTime": "0615/061717", "correlationVector":"i3imsxm539Ht+imlFLTFkz","action":"Commit Request", "result":"", "context":Item count: 1
Contributing types: Autofill Profiles}
{"logTime": "0615/061718", "correlationVector":"i3imsxm539Ht+imlFLTFkz.1","action":"SyncServerConnectionManagerRequest", "result":"SYNC_SERVER_OK", "context":{"environment":"Prod_WestEurope_000l", "migrationStage":"NotStarted", "server":"GENERAL01000013"}}
{"logTime": "0615/061718", "correlationVector":"i3imsxm539Ht+imlFLTFkz.2","action":"Commit Response", "result":"SYNCER_OK", "context":Result: SYNCER_OK. cV=i3imsxm539Ht+imlFLTFkz.0;server=GENERAL01000013;cloudType=Consumer;environment=Prod_WestEurope_000l;migrationStage=NotStarted}
{"logTime": "0615/061744", "correlationVector":"sTRpUnuyw2cpZpRhlEqkXh","action":"Commit Request", "result":"", "context":Item count: 1
Contributing types: Passwords}
{"logTime": "0615/061744", "correlationVector":"sTRpUnuyw2cpZpRhlEqkXh.1","action":"SyncServerConnectionManagerRequest", "result":"SYNC_SERVER_OK", "context":{"environment":"Prod_WestEurope_x00e", "migrationStage":"NotStarted", "server":"GENERAL0100001W"}}
{"logTime": "0615/061744", "correlationVector":"sTRpUnuyw2cpZpRhlEqkXh.2","action":"Commit Response", "result":"SYNCER_OK", "context":Result: SYNCER_OK. cV=sTRpUnuyw2cpZpRhlEqkXh.0;server=GENERAL0100001W;cloudType=Consumer;environment=Prod_WestEurope_x00e;migrationStage=NotStarted}
{"logTime": "0615/061747", "correlationVector":"1j9ST67sPlcpm03wIYBuWf","action":"Commit Request", "result":"", "context":Item count: 1
Contributing types: Passwords}
{"logTime": "0615/061747", "correlationVector":"1j9ST67sPlcpm03wIYBuWf.1","action":"SyncServerConnectionManagerRequest", "result":"SYNC_SERVER_OK", "context":{"environment":"Prod_WestEurope_x00e", "migrationStage":"NotStarted", "server":"GENERAL0100000J"}}
{"logTime": "0615/061747", "correlationVector":"1j9ST67sPlcpm03wIYBuWf.2","action":"Commit Response", "result":"SYNCER_OK", "context":Result: SYNCER_OK. cV=1j9ST67sPlcpm03wIYBuWf.0;server=GENERAL0100000J;cloudType=Consumer;environment=Prod_WestEurope_x00e;migrationStage=NotStarted}
{"logTime": "0615/061750", "correlationVector":"IYGbwnodSQruJh6MmeGlbV","action":"Normal GetUpdate request", "result":"", "context":cV=IYGbwnodSQruJh6MmeGlbV
Notified types: Passwords}
{"logTime": "0615/061751", "correlationVector":"IYGbwnodSQruJh6MmeGlbV.1","action":"SyncServerConnectionManagerRequest", "result":"SYNC_SERVER_OK", "context":{"environment":"Prod_NorthEurope_000h", "migrationStage":"NotStarted", "server":"GENERAL0100001Y"}}
{"logTime": "0615/061751", "correlationVector":"IYGbwnodSQruJh6MmeGlbV.2","action":"GetUpdates Response", "result":"SYNCER_OK", "context":Received 2 update(s). cV=IYGbwnodSQruJh6MmeGlbV.0;server=GENERAL0100001Y;cloudType=Consumer;environment=Prod_NorthEurope_000h;migrationStage=NotStarted}
{"logTime": "0615/061802", "correlationVector":"LScYgXS7/YO/6AxqZHC/KG","action":"Commit Request", "result":"", "context":Item count: 1
Contributing types: Autofill Profiles}
{"logTime": "0615/061802", "correlationVector":"LScYgXS7/YO/6AxqZHC/KG.1","action":"SyncServerConnectionManagerRequest", "result":"SYNC_SERVER_OK", "context":{"environment":"Prod_NorthEurope_000h", "migrationStage":"NotStarted", "server":"GENERAL0100002G"}}
{"logTime": "0615/061802", "correlationVector":"LScYgXS7/YO/6AxqZHC/KG.2","action":"Commit Response", "result":"SYNCER_OK", "context":Result: SYNCER_OK. cV=LScYgXS7/YO/6AxqZHC/KG.0;server=GENERAL0100002G;cloudType=Consumer;environment=Prod_NorthEurope_000h;migrationStage=NotStarted}
{"logTime": "0615/061812", "correlationVector":"igvBFO7dSeR8u/7pQ0Lq6o","action":"Commit Request", "result":"", "context":Item count: 1
Contributing types: Passwords}
{"logTime": "0615/061813", "correlationVector":"igvBFO7dSeR8u/7pQ0Lq6o.1","action":"SyncServerConnectionManagerRequest", "result":"SYNC_SERVER_OK", "context":{"environment":"Prod_NorthEurope_000h", "migrationStage":"NotStarted", "server":"GENERAL0100001I"}}
{"logTime": "0615/061813", "correlationVector":"igvBFO7dSeR8u/7pQ0Lq6o.2","action":"Commit Response", "result":"SYNCER_OK", "context":Result: SYNCER_OK. cV=igvBFO7dSeR8u/7pQ0Lq6o.0;server=GENERAL0100001I;cloudType=Consumer;environment=Prod_NorthEurope_000h;migrationStage=NotStarted}
{"logTime": "0615/061816", "correlationVector":"XG9GBxm+l2WzJEzp7PyNED","action":"Commit Request", "result":"", "context":Item count: 1
Contributing types: Passwords}
{"logTime": "0615/061816", "correlationVector":"XG9GBxm+l2WzJEzp7PyNED.1","action":"SyncServerConnectionManagerRequest", "result":"SYNC_SERVER_OK", "context":{"environment":"Prod_NorthEurope_000h", "migrationStage":"NotStarted", "server":"GENERAL0100000L"}}
{"logTime": "0615/061816", "correlationVector":"XG9GBxm+l2WzJEzp7PyNED.2","action":"Commit Response", "result":"SYNCER_OK", "context":Result: SYNCER_OK. cV=XG9GBxm+l2WzJEzp7PyNED.0;server=GENERAL0100000L;cloudType=Consumer;environment=Prod_NorthEurope_000h;migrationStage=NotStarted}
{"logTime": "0615/061818", "correlationVector":"CkOKnGQxysiCETI9kRL9Mx","action":"Normal GetUpdate request", "result":"", "context":cV=CkOKnGQxysiCETI9kRL9Mx
Notified types: Passwords}
{"logTime": "0615/061818", "correlationVector":"CkOKnGQxysiCETI9kRL9Mx.1","action":"SyncServerConnectionManagerRequest", "result":"SYNC_SERVER_OK", "context":{"environment":"Prod_WestEurope_000l", "migrationStage":"NotStarted", "server":"GENERAL0100001B"}}
{"logTime": "0615/061818", "correlationVector":"CkOKnGQxysiCETI9kRL9Mx.2","action":"GetUpdates Response", "result":"SYNCER_OK", "context":Received 2 update(s). cV=CkOKnGQxysiCETI9kRL9Mx.0;server=GENERAL0100001B;cloudType=Consumer;environment=Prod_WestEurope_000l;migrationStage=NotStarted}
{"logTime": "0615/061823", "correlationVector":"tmBSGrXQHRbJ7k2+qM34yd","action":"Normal GetUpdate request", "result":"", "context":cV=tmBSGrXQHRbJ7k2+qM34yd
Notified types: Extension settings}
{"logTime": "0615/061824", "correlationVector":"tmBSGrXQHRbJ7k2+qM34yd.1","action":"SyncServerConnectionManagerRequest", "result":"SYNC_SERVER_OK", "context":{"environment":"Prod_NorthEurope_000h", "migrationStage":"NotStarted", "server":"GENERAL0100001H"}}
{"logTime": "0615/061824", "correlationVector":"tmBSGrXQHRbJ7k2+qM34yd.2","action":"GetUpdates Response", "result":"SYNCER_OK", "context":Received 2 update(s). cV=tmBSGrXQHRbJ7k2+qM34yd.0;server=GENERAL0100001H;cloudType=Consumer;environment=Prod_NorthEurope_000h;migrationStage=NotStarted}
{"logTime": "0615/062136", "correlationVector":"dKUmtglBvp4XxWInvdqwmO","action":"Commit Request", "result":"", "context":Item count: 1
Contributing types: Sessions}
{"logTime": "0615/062136", "correlationVector":"dKUmtglBvp4XxWInvdqwmO.1","action":"SyncServerConnectionManagerRequest", "result":"SYNC_SERVER_OK", "context":{"environment":"Prod_WestEurope_x00e", "migrationStage":"NotStarted", "server":"GENERAL0100002A"}}
{"logTime": "0615/062136", "correlationVector":"dKUmtglBvp4XxWInvdqwmO.2","action":"Commit Response", "result":"SYNCER_OK", "context":Result: SYNCER_OK. cV=dKUmtglBvp4XxWInvdqwmO.0;server=GENERAL0100002A;cloudType=Consumer;environment=Prod_WestEurope_x00e;migrationStage=NotStarted}
{"logTime": "0615/062151", "correlationVector":"4KgRg/GPhoCyZZDI7xMFef","action":"Commit Request", "result":"", "context":Item count: 3
Contributing types: Autofill Profiles, Sessions}
{"logTime": "0615/062151", "correlationVector":"4KgRg/GPhoCyZZDI7xMFef.1","action":"SyncServerConnectionManagerRequest", "result":"SYNC_SERVER_OK", "context":{"environment":"Prod_NorthEurope_000h", "migrationStage":"NotStarted", "server":"GENERAL0100000U"}}
{"logTime": "0615/062151", "correlationVector":"4KgRg/GPhoCyZZDI7xMFef.2","action":"Commit Response", "result":"SYNCER_OK", "context":Result: SYNCER_OK. cV=4KgRg/GPhoCyZZDI7xMFef.0;server=GENERAL0100000U;cloudType=Consumer;environment=Prod_NorthEurope_000h;migrationStage=NotStarted}
{"logTime": "0615/062154", "correlationVector":"n9qnuQdiuPA1ZHbivTFdb5","action":"Commit Request", "result":"", "context":Item count: 3
Contributing types: Autofill Profiles, Autofill, Sessions}
{"logTime": "0615/062155", "correlationVector":"n9qnuQdiuPA1ZHbivTFdb5.1","action":"SyncServerConnectionManagerRequest", "result":"SYNC_SERVER_OK", "context":{"environment":"Prod_NorthEurope_000h", "migrationStage":"NotStarted", "server":"GENERAL01000017"}}
{"logTime": "0615/062155", "correlationVector":"n9qnuQdiuPA1ZHbivTFdb5.2","action":"Commit Response", "result":"SYNCER_OK", "context":Result: SYNCER_OK. cV=n9qnuQdiuPA1ZHbivTFdb5.0;server=GENERAL01000017;cloudType=Consumer;environment=Prod_NorthEurope_000h;migrationStage=NotStarted}
{"logTime": "0615/062157", "correlationVector":"Qs7PKqNdsQUYbUIZpEIOz1","action":"Normal GetUpdate request", "result":"", "context":cV=Qs7PKqNdsQUYbUIZpEIOz1
Notified types: Autofill}
{"logTime": "0615/062157", "correlationVector":"Qs7PKqNdsQUYbUIZpEIOz1.1","action":"SyncServerConnectionManagerRequest", "result":"SYNC_SERVER_OK", "context":{"environment":"Prod_WestEurope_000l", "migrationStage":"NotStarted", "server":"GENERAL01000012"}}
{"logTime": "0615/062157", "correlationVector":"Qs7PKqNdsQUYbUIZpEIOz1.2","action":"GetUpdates Response", "result":"SYNCER_OK", "context":Received 6 update(s). cV=Qs7PKqNdsQUYbUIZpEIOz1.0;server=GENERAL01000012;cloudType=Consumer;environment=Prod_WestEurope_000l;migrationStage=NotStarted}
{"logTime": "0615/062157", "correlationVector":"V4QvBlqFtKF2G0xrEfM3bS","action":"Commit Request", "result":"", "context":Item count: 1
Contributing types: Autofill}
{"logTime": "0615/062157", "correlationVector":"V4QvBlqFtKF2G0xrEfM3bS.1","action":"SyncServerConnectionManagerRequest", "result":"SYNC_SERVER_OK", "context":{"environment":"Prod_WestEurope_000l", "migrationStage":"NotStarted", "server":"GENERAL0100000Y"}}
{"logTime": "0615/062158", "correlationVector":"V4QvBlqFtKF2G0xrEfM3bS.2","action":"Commit Response", "result":"SYNCER_OK", "context":Result: SYNCER_OK. cV=V4QvBlqFtKF2G0xrEfM3bS.0;server=GENERAL0100000Y;cloudType=Consumer;environment=Prod_WestEurope_000l;migrationStage=NotStarted}
{"logTime": "0615/062239", "correlationVector":"kgHgENmeeaXALvhXN0JVKE","action":"Commit Request", "result":"", "context":Item count: 3
Contributing types: Sessions}
{"logTime": "0615/062239", "correlationVector":"kgHgENmeeaXALvhXN0JVKE.1","action":"SyncServerConnectionManagerRequest", "result":"SYNC_SERVER_OK", "context":{"environment":"Prod_WestEurope_x00e", "migrationStage":"NotStarted", "server":"GENERAL0100002C"}}
{"logTime": "0615/062239", "correlationVector":"kgHgENmeeaXALvhXN0JVKE.2","action":"Commit Response", "result":"SYNCER_OK", "context":Result: SYNCER_OK. cV=kgHgENmeeaXALvhXN0JVKE.0;server=GENERAL0100002C;cloudType=Consumer;environment=Prod_WestEurope_x00e;migrationStage=NotStarted}
{"logTime": "0615/062314", "correlationVector":"N67o/kcVXPpblupJDSVCrf","action":"Commit Request", "result":"", "context":Item count: 2
Contributing types: Sessions}
{"logTime": "0615/062314", "correlationVector":"N67o/kcVXPpblupJDSVCrf.1","action":"SyncServerConnectionManagerRequest", "result":"SYNC_SERVER_OK", "context":{"environment":"Prod_WestEurope_x00e", "migrationStage":"NotStarted", "server":"GENERAL0100001E"}}
{"logTime": "0615/062314", "correlationVector":"N67o/kcVXPpblupJDSVCrf.2","action":"Commit Response", "result":"SYNCER_OK", "context":Result: SYNCER_OK. cV=N67o/kcVXPpblupJDSVCrf.0;server=GENERAL0100001E;cloudType=Consumer;environment=Prod_WestEurope_x00e;migrationStage=NotStarted}
{"logTime": "0615/062315", "correlationVector":"ZWcUduOIEyfDbyac9PLehR","action":"Commit Request", "result":"", "context":Item count: 1
Contributing types: Autofill Profiles}
{"logTime": "0615/062315", "correlationVector":"ZWcUduOIEyfDbyac9PLehR.1","action":"SyncServerConnectionManagerRequest", "result":"SYNC_SERVER_OK", "context":{"environment":"Prod_WestEurope_x00e", "migrationStage":"NotStarted", "server":"GENERAL0100000O"}}
{"logTime": "0615/062315", "correlationVector":"ZWcUduOIEyfDbyac9PLehR.2","action":"Commit Response", "result":"SYNCER_OK", "context":Result: SYNCER_OK. cV=ZWcUduOIEyfDbyac9PLehR.0;server=GENERAL0100000O;cloudType=Consumer;environment=Prod_WestEurope_x00e;migrationStage=NotStarted}
{"logTime": "0615/062339", "correlationVector":"3aqTsjLqfs7ivK6Gyti86k","action":"Normal GetUpdate request", "result":"", "context":cV=3aqTsjLqfs7ivK6Gyti86k
Notified types: Extension settings}
{"logTime": "0615/062340", "correlationVector":"3aqTsjLqfs7ivK6Gyti86k.1","action":"SyncServerConnectionManagerRequest", "result":"SYNC_SERVER_OK", "context":{"environment":"Prod_WestEurope_x00e", "migrationStage":"NotStarted", "server":"GENERAL0100000Z"}}
{"logTime": "0615/062340", "correlationVector":"3aqTsjLqfs7ivK6Gyti86k.2","action":"GetUpdates Response", "result":"SYNCER_OK", "context":Received 7 update(s). cV=3aqTsjLqfs7ivK6Gyti86k.0;server=GENERAL0100000Z;cloudType=Consumer;environment=Prod_WestEurope_x00e;migrationStage=NotStarted}
{"logTime": "0615/062342", "correlationVector":"yPCNWrZz91RfU8+U4Eu6SR","action":"Normal GetUpdate request", "result":"", "context":cV=yPCNWrZz91RfU8+U4Eu6SR
Notified types: Extension settings}
{"logTime": "0615/062343", "correlationVector":"yPCNWrZz91RfU8+U4Eu6SR.1","action":"SyncServerConnectionManagerRequest", "result":"SYNC_SERVER_OK", "context":{"environment":"Prod_WestEurope_x00e", "migrationStage":"NotStarted", "server":"GENERAL0100000W"}}
{"logTime": "0615/062343", "correlationVector":"yPCNWrZz91RfU8+U4Eu6SR.2","action":"GetUpdates Response", "result":"SYNCER_OK", "context":Received 2 update(s). cV=yPCNWrZz91RfU8+U4Eu6SR.0;server=GENERAL0100000W;cloudType=Consumer;environment=Prod_WestEurope_x00e;migrationStage=NotStarted}
{"logTime": "0615/062347", "correlationVector":"UEmwnIesubg++JVeSTKGlX","action":"Normal GetUpdate request", "result":"", "context":cV=UEmwnIesubg++JVeSTKGlX
Notified types: Extension settings}
{"logTime": "0615/062348", "correlationVector":"UEmwnIesubg++JVeSTKGlX.1","action":"SyncServerConnectionManagerRequest", "result":"SYNC_SERVER_OK", "context":{"environment":"Prod_WestEurope_x00e", "migrationStage":"NotStarted", "server":"GENERAL0100002R"}}
{"logTime": "0615/062348", "correlationVector":"UEmwnIesubg++JVeSTKGlX.2","action":"GetUpdates Response", "result":"SYNCER_OK", "context":Received 2 update(s). cV=UEmwnIesubg++JVeSTKGlX.0;server=GENERAL0100002R;cloudType=Consumer;environment=Prod_WestEurope_x00e;migrationStage=NotStarted}
{"logTime": "0615/062707", "correlationVector":"HyHJDK6nGVj+BKW2DcfCpf","action":"Normal GetUpdate request", "result":"", "context":cV=HyHJDK6nGVj+BKW2DcfCpf
Notified types: Extension settings}
{"logTime": "0615/062707", "correlationVector":"HyHJDK6nGVj+BKW2DcfCpf.1","action":"SyncServerConnectionManagerRequest", "result":"SYNC_SERVER_OK", "context":{"environment":"Prod_NorthEurope_000h", "migrationStage":"NotStarted", "server":"GENERAL0100001B"}}
{"logTime": "0615/062707", "correlationVector":"HyHJDK6nGVj+BKW2DcfCpf.2","action":"GetUpdates Response", "result":"SYNCER_OK", "context":Received 3 update(s). cV=HyHJDK6nGVj+BKW2DcfCpf.0;server=GENERAL0100001B;cloudType=Consumer;environment=Prod_NorthEurope_000h;migrationStage=NotStarted}
{"logTime": "0615/062827", "correlationVector":"Sh3Iu8TeTM7WUq6im8c8Lq","action":"Normal GetUpdate request", "result":"", "context":cV=Sh3Iu8TeTM7WUq6im8c8Lq
Notified types: Extension settings}
{"logTime": "0615/062827", "correlationVector":"Sh3Iu8TeTM7WUq6im8c8Lq.1","action":"SyncServerConnectionManagerRequest", "result":"SYNC_SERVER_OK", "context":{"environment":"Prod_NorthEurope_000h", "migrationStage":"NotStarted", "server":"GENERAL01000027"}}
{"logTime": "0615/062827", "correlationVector":"Sh3Iu8TeTM7WUq6im8c8Lq.2","action":"GetUpdates Response", "result":"SYNCER_OK", "context":Received 3 update(s). cV=Sh3Iu8TeTM7WUq6im8c8Lq.0;server=GENERAL01000027;cloudType=Consumer;environment=Prod_NorthEurope_000h;migrationStage=NotStarted}
{"logTime": "0615/063228", "correlationVector":"qs5984O0QEOexdvhc+uk1p","action":"Commit Request", "result":"", "context":Item count: 1
Contributing types: Passwords}
{"logTime": "0615/063229", "correlationVector":"qs5984O0QEOexdvhc+uk1p.1","action":"SyncServerConnectionManagerRequest", "result":"SYNC_SERVER_OK", "context":{"environment":"Prod_WestEurope_x00e", "migrationStage":"NotStarted", "server":"GENERAL0100001K"}}
{"logTime": "0615/063229", "correlationVector":"qs5984O0QEOexdvhc+uk1p.2","action":"Commit Response", "result":"SYNCER_OK", "context":Result: SYNCER_OK. cV=qs5984O0QEOexdvhc+uk1p.0;server=GENERAL0100001K;cloudType=Consumer;environment=Prod_WestEurope_x00e;migrationStage=NotStarted}
{"logTime": "0615/063231", "correlationVector":"zXakMlxJ+cSB8n1KxMo6Mp","action":"Commit Request", "result":"", "context":Item count: 3
Contributing types: Passwords, Sessions}
{"logTime": "0615/063232", "correlationVector":"zXakMlxJ+cSB8n1KxMo6Mp.1","action":"SyncServerConnectionManagerRequest", "result":"SYNC_SERVER_OK", "context":{"environment":"Prod_NorthEurope_000h", "migrationStage":"NotStarted", "server":"GENERAL01000012"}}
{"logTime": "0615/063232", "correlationVector":"zXakMlxJ+cSB8n1KxMo6Mp.3","action":"Commit.Sessions", "result":"Success", "context":{"id":"fd5d2aba-b999-499e-9be9-ca8b3ecf8b67", "isDeleted":"true", "size":"0", "version":"1686810194125"}}
{"logTime": "0615/063232", "correlationVector":"zXakMlxJ+cSB8n1KxMo6Mp.2","action":"Commit Response", "result":"SYNCER_OK", "context":Result: SYNCER_OK. cV=zXakMlxJ+cSB8n1KxMo6Mp.0;server=GENERAL01000012;cloudType=Consumer;environment=Prod_NorthEurope_000h;migrationStage=NotStarted}
{"logTime": "0615/063416", "correlationVector":"9ZT5kR5gGIWIQOmqCIK8bA","action":"Commit Request", "result":"", "context":Item count: 1
Contributing types: Autofill Profiles}
{"logTime": "0615/063416", "correlationVector":"9ZT5kR5gGIWIQOmqCIK8bA.1","action":"SyncServerConnectionManagerRequest", "result":"SYNC_SERVER_OK", "context":{"environment":"Prod_NorthEurope_000h", "migrationStage":"NotStarted", "server":"GENERAL0100001G"}}
{"logTime": "0615/063416", "correlationVector":"9ZT5kR5gGIWIQOmqCIK8bA.2","action":"Commit Response", "result":"SYNCER_OK", "context":Result: SYNCER_OK. cV=9ZT5kR5gGIWIQOmqCIK8bA.0;server=GENERAL0100001G;cloudType=Consumer;environment=Prod_NorthEurope_000h;migrationStage=NotStarted}
{"logTime": "0615/063430", "correlationVector":"8m/NOEgsMksJm6S/F8/yWS","action":"Commit Request", "result":"", "context":Item count: 1
Contributing types: Passwords}
{"logTime": "0615/063430", "correlationVector":"8m/NOEgsMksJm6S/F8/yWS.1","action":"SyncServerConnectionManagerRequest", "result":"SYNC_SERVER_OK", "context":{"environment":"Prod_WestEurope_000l", "migrationStage":"NotStarted", "server":"GENERAL0100000I"}}
{"logTime": "0615/063430", "correlationVector":"8m/NOEgsMksJm6S/F8/yWS.2","action":"Commit Response", "result":"SYNCER_OK", "context":Result: SYNCER_OK. cV=8m/NOEgsMksJm6S/F8/yWS.0;server=GENERAL0100000I;cloudType=Consumer;environment=Prod_WestEurope_000l;migrationStage=NotStarted}
{"logTime": "0615/063434", "correlationVector":"uNAFiC/kk8ihYDgc15EQ3C","action":"Commit Request", "result":"", "context":Item count: 1
Contributing types: Passwords}
{"logTime": "0615/063434", "correlationVector":"uNAFiC/kk8ihYDgc15EQ3C.1","action":"SyncServerConnectionManagerRequest", "result":"SYNC_SERVER_OK", "context":{"environment":"Prod_WestEurope_x00e", "migrationStage":"NotStarted", "server":"GENERAL0100000O"}}
{"logTime": "0615/063434", "correlationVector":"uNAFiC/kk8ihYDgc15EQ3C.2","action":"Commit Response", "result":"SYNCER_OK", "context":Result: SYNCER_OK. cV=uNAFiC/kk8ihYDgc15EQ3C.0;server=GENERAL0100000O;cloudType=Consumer;environment=Prod_WestEurope_x00e;migrationStage=NotStarted}
{"logTime": "0615/063435", "correlationVector":"VcSr5QASjN3GJ+vNlLKUCH","action":"Normal GetUpdate request", "result":"", "context":cV=VcSr5QASjN3GJ+vNlLKUCH
Notified types: Passwords}
{"logTime": "0615/063435", "correlationVector":"VcSr5QASjN3GJ+vNlLKUCH.1","action":"SyncServerConnectionManagerRequest", "result":"SYNC_SERVER_OK", "context":{"environment":"Prod_WestEurope_000l", "migrationStage":"NotStarted", "server":"GENERAL01000020"}}
{"logTime": "0615/063435", "correlationVector":"VcSr5QASjN3GJ+vNlLKUCH.2","action":"GetUpdates", "result":"DeleteReceived", "context":{"id":"fd5d2aba-b999-499e-9be9-ca8b3ecf8b67", "isDeleted:":"true", "version":"1686810751737"}}
{"logTime": "0615/063435", "correlationVector":"VcSr5QASjN3GJ+vNlLKUCH.3","action":"GetUpdates Response", "result":"SYNCER_OK", "context":Received 5 update(s). cV=VcSr5QASjN3GJ+vNlLKUCH.0;server=GENERAL01000020;cloudType=Consumer;environment=Prod_WestEurope_000l;migrationStage=NotStarted}
{"logTime": "0615/064228", "correlationVector":"ZioekqceN93pIBgvcj5U7b","action":"Normal GetUpdate request", "result":"", "context":cV=ZioekqceN93pIBgvcj5U7b
Notified types: Extension settings}
{"logTime": "0615/064229", "correlationVector":"ZioekqceN93pIBgvcj5U7b.1","action":"SyncServerConnectionManagerRequest", "result":"SYNC_SERVER_OK", "context":{"environment":"Prod_NorthEurope_000h", "migrationStage":"NotStarted", "server":"general0100001C"}}
{"logTime": "0615/064229", "correlationVector":"ZioekqceN93pIBgvcj5U7b.2","action":"GetUpdates Response", "result":"SYNCER_OK", "context":Received 4 update(s). cV=ZioekqceN93pIBgvcj5U7b.0;server=general0100001C;cloudType=Consumer;environment=Prod_NorthEurope_000h;migrationStage=NotStarted}
{"logTime": "0615/064817", "correlationVector":"RJVUp+9FzQpCeWwbjpk42L","action":"Normal GetUpdate request", "result":"", "context":cV=RJVUp+9FzQpCeWwbjpk42L
Notified types: Extension settings}
{"logTime": "0615/064818", "correlationVector":"RJVUp+9FzQpCeWwbjpk42L.1","action":"SyncServerConnectionManagerRequest", "result":"SYNC_SERVER_OK", "context":{"environment":"Prod_NorthEurope_000h", "migrationStage":"NotStarted", "server":"GENERAL0100000X"}}
{"logTime": "0615/064818", "correlationVector":"RJVUp+9FzQpCeWwbjpk42L.2","action":"GetUpdates Response", "result":"SYNCER_OK", "context":Received 2 update(s). cV=RJVUp+9FzQpCeWwbjpk42L.0;server=GENERAL0100000X;cloudType=Consumer;environment=Prod_NorthEurope_000h;migrationStage=NotStarted}
{"logTime": "0615/065056", "correlationVector":"QLHDsazl4rszAassWVdv+B","action":"Normal GetUpdate request", "result":"", "context":cV=QLHDsazl4rszAassWVdv+B
Notified types: Extension settings}
{"logTime": "0615/065057", "correlationVector":"QLHDsazl4rszAassWVdv+B.1","action":"SyncServerConnectionManagerRequest", "result":"SYNC_SERVER_OK", "context":{"environment":"Prod_NorthEurope_000h", "migrationStage":"NotStarted", "server":"GENERAL01000008"}}
{"logTime": "0615/065057", "correlationVector":"QLHDsazl4rszAassWVdv+B.2","action":"GetUpdates Response", "result":"SYNCER_OK", "context":Received 3 update(s). cV=QLHDsazl4rszAassWVdv+B.0;server=GENERAL01000008;cloudType=Consumer;environment=Prod_NorthEurope_000h;migrationStage=NotStarted}
{"logTime": "0615/070100", "correlationVector":"nAQ38q0gOmlgTf1mC3RfV+.0","action":"FeedSettingFetch_homeCloud", "result":"0", "context":{}}
{"logTime": "0615/070100", "correlationVector":"6CCjxzOqMzar/D6G4vD1Ye.0","action":"SyncServerConnectionManagerRequest", "result":"SYNC_SERVER_ERROR", "context":{"environment":"", "error_type":"http_status_code", "error_value":"502", "migrationStage":"", "server":""}}
{"logTime": "0615/070131", "correlationVector":"6CCjxzOqMzar/D6G4vD1Ye.2","action":"SyncServerConnectionManagerRequest", "result":"SYNC_SERVER_OK", "context":{"environment":"", "migrationStage":"", "server":""}}
{"logTime": "0615/070132", "correlationVector":"/SpOuji0Wq4k73W+2d3VYH.1","action":"SyncServerConnectionManagerRequest", "result":"SYNC_SERVER_OK", "context":{"environment":"Prod_NorthEurope_000h", "migrationStage":"NotStarted", "server":"GENERAL0100001N"}}
{"logTime": "0615/070132", "correlationVector":"6CCjxzOqMzar/D6G4vD1Ye","action":"Initial GetUpdates", "result":"", "context":Reason: NEW_CLIENT. cV=6CCjxzOqMzar/D6G4vD1Ye}
{"logTime": "0615/070132", "correlationVector":"6CCjxzOqMzar/D6G4vD1Ye.1","action":"GetUpdates Response", "result":"SYNC_SERVER_ERROR (HTTP 502)", "context":Received error: SYNC_SERVER_ERROR (HTTP 502). }
{"logTime": "0615/070132", "correlationVector":"/SpOuji0Wq4k73W+2d3VYH","action":"Initial GetUpdates", "result":"", "context":Reason: NEW_CLIENT. cV=/SpOuji0Wq4k73W+2d3VYH}
{"logTime": "0615/070132", "correlationVector":"/SpOuji0Wq4k73W+2d3VYH.2","action":"GetUpdates Response", "result":"SYNCER_OK", "context":Received 1 update(s). cV=/SpOuji0Wq4k73W+2d3VYH.0;server=GENERAL0100001N;cloudType=Consumer;environment=Prod_NorthEurope_000h;migrationStage=NotStarted}
{"logTime": "0615/070132", "correlationVector":"8WtVdzc+7tFMTk1coYeiSK","action":"Initial GetUpdates", "result":"", "context":Reason: NEWLY_SUPPORTED_DATATYPE. cV=8WtVdzc+7tFMTk1coYeiSK}
{"logTime": "0615/070133", "correlationVector":"8WtVdzc+7tFMTk1coYeiSK.1","action":"SyncServerConnectionManagerRequest", "result":"SYNC_SERVER_OK", "context":{"environment":"Prod_WestEurope_x00e", "migrationStage":"NotStarted", "server":"GENERAL0100000Z"}}
{"logTime": "0615/070133", "correlationVector":"8WtVdzc+7tFMTk1coYeiSK.2","action":"GetUpdates", "result":"DeleteReceived", "context":{"id":"dc3241e5-694a-40b4-b0cc-e0f21437a221", "isDeleted:":"true", "version":"1677070068682"}}
{"logTime": "0615/070133", "correlationVector":"8WtVdzc+7tFMTk1coYeiSK.3","action":"GetUpdates", "result":"DeleteReceived", "context":{"id":"ab27530e-d95b-4863-8569-ae868efd6615", "isDeleted:":"true", "version":"1677070070671"}}
{"logTime": "0615/070133", "correlationVector":"8WtVdzc+7tFMTk1coYeiSK.4","action":"GetUpdates", "result":"DeleteReceived", "context":{"id":"61c146e2-8195-4c3f-b741-fbf5fae35671", "isDeleted:":"true", "version":"1679677645522"}}
{"logTime": "0615/070133", "correlationVector":"8WtVdzc+7tFMTk1coYeiSK.5","action":"GetUpdates", "result":"DeleteReceived", "context":{"id":"161fe386-0fee-4417-8e0d-43906436a92f", "isDeleted:":"true", "version":"1679677837265"}}
{"logTime": "0615/070133", "correlationVector":"8WtVdzc+7tFMTk1coYeiSK.6","action":"GetUpdates", "result":"DeleteReceived", "context":{"id":"488d797f-9b88-49d8-a23c-61fc49cdf547", "isDeleted:":"true", "version":"1680029997078"}}
{"logTime": "0615/070133", "correlationVector":"8WtVdzc+7tFMTk1coYeiSK.7","action":"GetUpdates", "result":"DeleteReceived", "context":{"id":"45d67445-0702-4652-baad-5aa244d96f31", "isDeleted:":"true", "version":"1680598172302"}}
{"logTime": "0615/070133", "correlationVector":"8WtVdzc+7tFMTk1coYeiSK.8","action":"GetUpdates", "result":"DeleteReceived", "context":{"id":"57c20944-c97b-4b15-8c49-b1ff34b2ff72", "isDeleted:":"true", "version":"1680911806174"}}
{"logTime": "0615/070133", "correlationVector":"8WtVdzc+7tFMTk1coYeiSK.9","action":"GetUpdates", "result":"DeleteReceived", "context":{"id":"2d2d7bdf-7b55-44a7-9d00-7ca36fe91eb4", "isDeleted:":"true", "version":"1682683755705"}}
{"logTime": "0615/070133", "correlationVector":"8WtVdzc+7tFMTk1coYeiSK.10","action":"GetUpdates", "result":"DeleteReceived", "context":{"id":"8fd87401-3035-43e0-8de3-f5c6ba2b0e43", "isDeleted:":"true", "version":"1683015513710"}}
{"logTime": "0615/070133", "correlationVector":"8WtVdzc+7tFMTk1coYeiSK.11","action":"GetUpdates", "result":"DeleteReceived", "context":{"id":"2841fe54-7802-44fb-a21e-96710b9ef0b3", "isDeleted:":"true", "version":"1683463253187"}}
{"logTime": "0615/070133", "correlationVector":"8WtVdzc+7tFMTk1coYeiSK.12","action":"GetUpdates", "result":"DeleteReceived", "context":{"id":"651605f6-6ddf-473a-8d53-d2293a818ddd", "isDeleted:":"true", "version":"1683649045861"}}
{"logTime": "0615/070133", "correlationVector":"8WtVdzc+7tFMTk1coYeiSK.13","action":"GetUpdates", "result":"DeleteReceived", "context":{"id":"6dd86b3e-8dc3-425a-b587-33dfa92a2805", "isDeleted:":"true", "version":"1683649065125"}}
{"logTime": "0615/070133", "correlationVector":"8WtVdzc+7tFMTk1coYeiSK.14","action":"GetUpdates", "result":"DeleteReceived", "context":{"id":"3dfba18a-96ea-41b0-ad33-54db1fa975d8", "isDeleted:":"true", "version":"1684319865804"}}
{"logTime": "0615/070133", "correlationVector":"8WtVdzc+7tFMTk1coYeiSK.15","action":"GetUpdates", "result":"DeleteReceived", "context":{"id":"5daf56c4-5bc9-4d1e-967b-8dad0d586822", "isDeleted:":"true", "version":"1684778632635"}}
{"logTime": "0615/070133", "correlationVector":"8WtVdzc+7tFMTk1coYeiSK.16","action":"GetUpdates Response", "result":"SYNCER_OK", "context":Received 140 update(s). cV=8WtVdzc+7tFMTk1coYeiSK.0;server=GENERAL0100000Z;cloudType=Consumer;environment=Prod_WestEurope_x00e;migrationStage=NotStarted}
{"logTime": "0615/070133", "correlationVector":"iIj3Gu3KckLT0FIV2i/nRT","action":"Normal GetUpdate request", "result":"", "context":cV=iIj3Gu3KckLT0FIV2i/nRT
Nudged types: Sessions, User Consents
Refresh requested types: Bookmarks, Preferences, Passwords, Autofill Profiles, Autofill, Autofill Custom Data, Typed URLs, Extensions, Sessions, Extension settings, History Delete Directives, Device Info, User Consents, Send Tab To Self, Web Apps, Collection, Edge E Drop, Encryption Keys}
{"logTime": "0615/070133", "correlationVector":"iIj3Gu3KckLT0FIV2i/nRT.1","action":"SyncServerConnectionManagerRequest", "result":"SYNC_SERVER_OK", "context":{"environment":"Prod_WestEurope_x00e", "migrationStage":"NotStarted", "server":"GENERAL0100000X"}}
{"logTime": "0615/070133", "correlationVector":"iIj3Gu3KckLT0FIV2i/nRT.2","action":"GetUpdates", "result":"DeleteReceived", "context":{"id":"617ddd54-fc23-44e4-bca9-c9c85950de83", "isDeleted:":"true", "version":"1686812168270"}}
{"logTime": "0615/070133", "correlationVector":"iIj3Gu3KckLT0FIV2i/nRT.3","action":"GetUpdates", "result":"DeleteReceived", "context":{"id":"ceda3f63-bfef-482b-a64c-5f99b2489790", "isDeleted:":"true", "version":"1686812408801"}}
{"logTime": "0615/070133", "correlationVector":"iIj3Gu3KckLT0FIV2i/nRT.4","action":"GetUpdates", "result":"DeleteReceived", "context":{"id":"c604a420-25e1-4053-91f5-4683bce3e483", "isDeleted:":"true", "version":"1686812489120"}}
{"logTime": "0615/070133", "correlationVector":"iIj3Gu3KckLT0FIV2i/nRT.5","action":"GetUpdates Response", "result":"SYNCER_OK", "context":Received 8 update(s). cV=iIj3Gu3KckLT0FIV2i/nRT.0;server=GENERAL0100000X;cloudType=Consumer;environment=Prod_WestEurope_x00e;migrationStage=NotStarted}
{"logTime": "0615/070133", "correlationVector":"H4zSiqhHelTSePjZfdBJPv","action":"Commit Request", "result":"", "context":Item count: 4
Contributing types: Sessions, User Consents}
{"logTime": "0615/070134", "correlationVector":"H4zSiqhHelTSePjZfdBJPv.1","action":"SyncServerConnectionManagerRequest", "result":"SYNC_SERVER_OK", "context":{"environment":"Prod_WestEurope_x00e", "migrationStage":"NotStarted", "server":"GENERAL0100000T"}}
{"logTime": "0615/070134", "correlationVector":"H4zSiqhHelTSePjZfdBJPv.3","action":"Commit.Sessions", "result":"Success", "context":{"id":"793c3ff3-e5a9-47cd-8252-a3068a59b43b", "isDeleted":"true", "size":"0", "version":"1686810751736"}}
{"logTime": "0615/070134", "correlationVector":"H4zSiqhHelTSePjZfdBJPv.2","action":"Commit Response", "result":"SYNCER_OK", "context":Result: SYNCER_OK. cV=H4zSiqhHelTSePjZfdBJPv.0;server=GENERAL0100000T;cloudType=Consumer;environment=Prod_WestEurope_x00e;migrationStage=NotStarted}
{"logTime": "0615/070634", "correlationVector":"3XfhxXwQ8w5sS7JBGAPMPm","action":"Commit Request", "result":"", "context":Item count: 1
Contributing types: Autofill Profiles}
{"logTime": "0615/070635", "correlationVector":"3XfhxXwQ8w5sS7JBGAPMPm.1","action":"SyncServerConnectionManagerRequest", "result":"SYNC_SERVER_OK", "context":{"environment":"Prod_NorthEurope_000h", "migrationStage":"NotStarted", "server":"GENERAL0100001U"}}
{"logTime": "0615/070635", "correlationVector":"3XfhxXwQ8w5sS7JBGAPMPm.2","action":"Commit Response", "result":"SYNCER_OK", "context":Result: SYNCER_OK. cV=3XfhxXwQ8w5sS7JBGAPMPm.0;server=GENERAL0100001U;cloudType=Consumer;environment=Prod_NorthEurope_000h;migrationStage=NotStarted}
{"logTime": "0615/070645", "correlationVector":"3UmxidnNUND2QG5l2pzOQl","action":"Commit Request", "result":"", "context":Item count: 1
Contributing types: Passwords}
{"logTime": "0615/070646", "correlationVector":"3UmxidnNUND2QG5l2pzOQl.1","action":"SyncServerConnectionManagerRequest", "result":"SYNC_SERVER_OK", "context":{"environment":"Prod_NorthEurope_000h", "migrationStage":"NotStarted", "server":"GENERAL01000008"}}
{"logTime": "0615/070646", "correlationVector":"3UmxidnNUND2QG5l2pzOQl.2","action":"Commit Response", "result":"SYNCER_OK", "context":Result: SYNCER_OK. cV=3UmxidnNUND2QG5l2pzOQl.0;server=GENERAL01000008;cloudType=Consumer;environment=Prod_NorthEurope_000h;migrationStage=NotStarted}
{"logTime": "0615/070649", "correlationVector":"/4f64zwNasknodKdMlYVMX","action":"Commit Request", "result":"", "context":Item count: 1
Contributing types: Passwords}
{"logTime": "0615/070650", "correlationVector":"/4f64zwNasknodKdMlYVMX.1","action":"SyncServerConnectionManagerRequest", "result":"SYNC_SERVER_OK", "context":{"environment":"Prod_WestEurope_000l", "migrationStage":"NotStarted", "server":"GENERAL01000012"}}
{"logTime": "0615/070650", "correlationVector":"/4f64zwNasknodKdMlYVMX.2","action":"Commit Response", "result":"SYNCER_OK", "context":Result: SYNCER_OK. cV=/4f64zwNasknodKdMlYVMX.0;server=GENERAL01000012;cloudType=Consumer;environment=Prod_WestEurope_000l;migrationStage=NotStarted}
{"logTime": "0615/070653", "correlationVector":"Pu6Qre9Rp4dwLTf++Stnv6","action":"Normal GetUpdate request", "result":"", "context":cV=Pu6Qre9Rp4dwLTf++Stnv6
Notified types: Passwords}
{"logTime": "0615/070653", "correlationVector":"Pu6Qre9Rp4dwLTf++Stnv6.1","action":"SyncServerConnectionManagerRequest", "result":"SYNC_SERVER_OK", "context":{"environment":"Prod_NorthEurope_000h", "migrationStage":"NotStarted", "server":"GENERAL0100001X"}}
{"logTime": "0615/070653", "correlationVector":"Pu6Qre9Rp4dwLTf++Stnv6.2","action":"GetUpdates", "result":"DeleteReceived", "context":{"id":"793c3ff3-e5a9-47cd-8252-a3068a59b43b", "isDeleted:":"true", "version":"1686812493608"}}
{"logTime": "0615/070653", "correlationVector":"Pu6Qre9Rp4dwLTf++Stnv6.3","action":"GetUpdates Response", "result":"SYNCER_OK", "context":Received 5 update(s). cV=Pu6Qre9Rp4dwLTf++Stnv6.0;server=GENERAL0100001X;cloudType=Consumer;environment=Prod_NorthEurope_000h;migrationStage=NotStarted}
{"logTime": "0615/093736", "correlationVector":"57fQPx9OIEnvifCnBcFt+g.0","action":"FeedSettingFetch_homeCloud", "result":"0", "context":{}}
{"logTime": "0615/093736", "correlationVector":"dm9pWXyq8Lt6PcNak6PkPp.1","action":"SyncServerConnectionManagerRequest", "result":"SYNC_SERVER_OK", "context":{"environment":"Prod_NorthEurope_000h", "migrationStage":"NotStarted", "server":"GENERAL0100002J"}}
{"logTime": "0615/093736", "correlationVector":"dm9pWXyq8Lt6PcNak6PkPp","action":"Initial GetUpdates", "result":"", "context":Reason: NEW_CLIENT. cV=dm9pWXyq8Lt6PcNak6PkPp}
{"logTime": "0615/093736", "correlationVector":"dm9pWXyq8Lt6PcNak6PkPp.2","action":"GetUpdates Response", "result":"SYNCER_OK", "context":Received 1 update(s). cV=dm9pWXyq8Lt6PcNak6PkPp.0;server=GENERAL0100002J;cloudType=Consumer;environment=Prod_NorthEurope_000h;migrationStage=NotStarted}
{"logTime": "0615/093736", "correlationVector":"8fuFJWJvX33gN9hklWMz13","action":"SyncServerConnectionManagerRequest", "result":"SYNC_SERVER_OK", "context":{"environment":"", "migrationStage":"", "server":""}}
{"logTime": "0615/093736", "correlationVector":"RhDeY+Vlk2tUZ7HZN/vBQ5","action":"Normal GetUpdate request", "result":"", "context":cV=RhDeY+Vlk2tUZ7HZN/vBQ5
Nudged types: Sessions, User Consents
Refresh requested types: Bookmarks, Preferences, Autofill Custom Data, Typed URLs, Extensions, Sessions, Extension settings, History Delete Directives, Device Info, User Consents, Send Tab To Self, Web Apps, Collection, Edge E Drop, Encryption Keys}
{"logTime": "0615/093736", "correlationVector":"RhDeY+Vlk2tUZ7HZN/vBQ5.1","action":"SyncServerConnectionManagerRequest", "result":"SYNC_SERVER_OK", "context":{"environment":"Prod_NorthEurope_000h", "migrationStage":"NotStarted", "server":"GENERAL0100001A"}}
{"logTime": "0615/093736", "correlationVector":"RhDeY+Vlk2tUZ7HZN/vBQ5.2","action":"GetUpdates", "result":"DeleteReceived", "context":{"id":"e1afbe73-c37a-4f38-a5cc-49d50002bf44", "isDeleted:":"true", "version":"1686817591218"}}
{"logTime": "0615/093736", "correlationVector":"RhDeY+Vlk2tUZ7HZN/vBQ5.3","action":"GetUpdates", "result":"DeleteReceived", "context":{"id":"50027707-f605-41a3-aaa0-681a37dda41b", "isDeleted:":"true", "version":"1686817591220"}}
{"logTime": "0615/093736", "correlationVector":"RhDeY+Vlk2tUZ7HZN/vBQ5.4","action":"GetUpdates", "result":"DeleteReceived", "context":{"id":"6e07cc03-41e3-456b-a036-475cdb660752", "isDeleted:":"true", "version":"1686817591221"}}
{"logTime": "0615/093736", "correlationVector":"RhDeY+Vlk2tUZ7HZN/vBQ5.5","action":"GetUpdates", "result":"DeleteReceived", "context":{"id":"a4022a82-8ca4-415f-8e68-762ab7fd0830", "isDeleted:":"true", "version":"1686817591224"}}
{"logTime": "0615/093736", "correlationVector":"RhDeY+Vlk2tUZ7HZN/vBQ5.6","action":"GetUpdates", "result":"DeleteReceived", "context":{"id":"386bc70a-ab41-4366-9654-576bedef4b8f", "isDeleted:":"true", "version":"1686817591226"}}
{"logTime": "0615/093736", "correlationVector":"RhDeY+Vlk2tUZ7HZN/vBQ5.7","action":"GetUpdates", "result":"DeleteReceived", "context":{"id":"904ed47a-380f-4864-b15b-7db680f1339b", "isDeleted:":"true", "version":"1686817591227"}}
{"logTime": "0615/093736", "correlationVector":"RhDeY+Vlk2tUZ7HZN/vBQ5.8","action":"GetUpdates", "result":"DeleteReceived", "context":{"id":"68e71713-b852-458b-abdd-76c0a9fa50ad", "isDeleted:":"true", "version":"1686817591229"}}
{"logTime": "0615/093736", "correlationVector":"RhDeY+Vlk2tUZ7HZN/vBQ5.9","action":"GetUpdates", "result":"DeleteReceived", "context":{"id":"3ee7d87f-a7e4-4fee-a4fd-82d965ece2dd", "isDeleted:":"true", "version":"1686817591230"}}
{"logTime": "0615/093736", "correlationVector":"RhDeY+Vlk2tUZ7HZN/vBQ5.10","action":"GetUpdates", "result":"DeleteReceived", "context":{"id":"c6b80af8-330d-4a35-b79d-dd6cfecc7129", "isDeleted:":"true", "version":"1686817591232"}}
{"logTime": "0615/093736", "correlationVector":"RhDeY+Vlk2tUZ7HZN/vBQ5.11","action":"GetUpdates", "result":"DeleteReceived", "context":{"id":"354f1fd9-6c02-4d15-a5db-caa5ef3b8c3f", "isDeleted:":"true", "version":"1686817593120"}}
{"logTime": "0615/093736", "correlationVector":"RhDeY+Vlk2tUZ7HZN/vBQ5.12","action":"GetUpdates", "result":"DeleteReceived", "context":{"id":"3faa3c0a-25c8-4365-8346-38a5cebb58f2", "isDeleted:":"true", "version":"1686817593121"}}
{"logTime": "0615/093736", "correlationVector":"RhDeY+Vlk2tUZ7HZN/vBQ5.13","action":"GetUpdates", "result":"DeleteReceived", "context":{"id":"a3430e7a-39d2-4d6c-b11a-0c505b7cb335", "isDeleted:":"true", "version":"1686817593123"}}
{"logTime": "0615/093736", "correlationVector":"RhDeY+Vlk2tUZ7HZN/vBQ5.14","action":"GetUpdates", "result":"DeleteReceived", "context":{"id":"b58dd28b-cd65-416a-b0a7-b07a8d335eb1", "isDeleted:":"true", "version":"1686817593127"}}
{"logTime": "0615/093736", "correlationVector":"RhDeY+Vlk2tUZ7HZN/vBQ5.15","action":"GetUpdates", "result":"DeleteReceived", "context":{"id":"e628d6a7-fced-4baa-b2a6-a806f6ffa080", "isDeleted:":"true", "version":"1686817593128"}}
{"logTime": "0615/093736", "correlationVector":"RhDeY+Vlk2tUZ7HZN/vBQ5.16","action":"GetUpdates", "result":"DeleteReceived", "context":{"id":"fd9c79b3-391f-4114-8a5e-50d4c90414db", "isDeleted:":"true", "version":"1686817593129"}}
{"logTime": "0615/093736", "correlationVector":"RhDeY+Vlk2tUZ7HZN/vBQ5.17","action":"GetUpdates", "result":"DeleteReceived", "context":{"id":"d7451e3f-af00-4d1d-b4ae-a858e027004c", "isDeleted:":"true", "version":"1686817593130"}}
{"logTime": "0615/093736", "correlationVector":"RhDeY+Vlk2tUZ7HZN/vBQ5.18","action":"GetUpdates", "result":"DeleteReceived", "context":{"id":"326c69c1-e7d5-45c1-a687-7317f228e495", "isDeleted:":"true", "version":"1686817593131"}}
{"logTime": "0615/093736", "correlationVector":"RhDeY+Vlk2tUZ7HZN/vBQ5.19","action":"GetUpdates", "result":"DeleteReceived", "context":{"id":"2144057a-c8d9-4965-97b3-448b4dd9a328", "isDeleted:":"true", "version":"1686817593134"}}
{"logTime": "0615/093736", "correlationVector":"RhDeY+Vlk2tUZ7HZN/vBQ5.20","action":"GetUpdates", "result":"DeleteReceived", "context":{"id":"1e0ff192-6a3e-48ad-ba4d-34f93802cdfc", "isDeleted:":"true", "version":"1686817593135"}}
{"logTime": "0615/093736", "correlationVector":"RhDeY+Vlk2tUZ7HZN/vBQ5.21","action":"GetUpdates", "result":"DeleteReceived", "context":{"id":"b60a86b1-1a30-43ca-a32a-48536f20faa8", "isDeleted:":"true", "version":"1686817593136"}}
{"logTime": "0615/093736", "correlationVector":"RhDeY+Vlk2tUZ7HZN/vBQ5.22","action":"GetUpdates", "result":"DeleteReceived", "context":{"id":"ad8212b7-7910-43c9-9121-dc8d95a7580d", "isDeleted:":"true", "version":"1686817593138"}}
{"logTime": "0615/093736", "correlationVector":"RhDeY+Vlk2tUZ7HZN/vBQ5.23","action":"GetUpdates", "result":"DeleteReceived", "context":{"id":"20bba5cd-85bf-4420-b15e-60c9058156d1", "isDeleted:":"true", "version":"1686817595017"}}
{"logTime": "0615/093736", "correlationVector":"RhDeY+Vlk2tUZ7HZN/vBQ5.24","action":"GetUpdates", "result":"DeleteReceived", "context":{"id":"06f904fe-d620-4e46-8a8b-95083cb5c76b", "isDeleted:":"true", "version":"1686817595020"}}
{"logTime": "0615/093736", "correlationVector":"RhDeY+Vlk2tUZ7HZN/vBQ5.25","action":"GetUpdates", "result":"DeleteReceived", "context":{"id":"fc06a278-15fd-4696-8a46-9a212d774623", "isDeleted:":"true", "version":"1686817595022"}}
{"logTime": "0615/093736", "correlationVector":"RhDeY+Vlk2tUZ7HZN/vBQ5.26","action":"GetUpdates", "result":"DeleteReceived", "context":{"id":"b76f0cff-4f50-4abd-b1aa-c226565fa200", "isDeleted:":"true", "version":"1686817595024"}}
{"logTime": "0615/093736", "correlationVector":"RhDeY+Vlk2tUZ7HZN/vBQ5.27","action":"GetUpdates", "result":"DeleteReceived", "context":{"id":"d31264f9-a000-413c-8c58-52ba9334fa7f", "isDeleted:":"true", "version":"1686817595025"}}
{"logTime": "0615/093736", "correlationVector":"RhDeY+Vlk2tUZ7HZN/vBQ5.28","action":"GetUpdates", "result":"DeleteReceived", "context":{"id":"cbd001b5-019f-44cb-8a70-370af5668ad3", "isDeleted:":"true", "version":"1686817595028"}}
{"logTime": "0615/093736", "correlationVector":"RhDeY+Vlk2tUZ7HZN/vBQ5.29","action":"GetUpdates", "result":"DeleteReceived", "context":{"id":"190763b2-4abe-4fc2-9f25-570196175acc", "isDeleted:":"true", "version":"1686817595030"}}
{"logTime": "0615/093736", "correlationVector":"RhDeY+Vlk2tUZ7HZN/vBQ5.30","action":"GetUpdates", "result":"DeleteReceived", "context":{"id":"5fd5e978-46ed-4e5e-b949-9cc8d1c93656", "isDeleted:":"true", "version":"1686817595032"}}
{"logTime": "0615/093736", "correlationVector":"RhDeY+Vlk2tUZ7HZN/vBQ5.31","action":"GetUpdates", "result":"DeleteReceived", "context":{"id":"51162acd-999d-466a-ac36-49322919bc6d", "isDeleted:":"true", "version":"1686817595035"}}
{"logTime": "0615/093736", "correlationVector":"RhDeY+Vlk2tUZ7HZN/vBQ5.32","action":"GetUpdates", "result":"DeleteReceived", "context":{"id":"33b29cbd-8ba3-4f37-812b-b9f40c31b4fa", "isDeleted:":"true", "version":"1686817595036"}}
{"logTime": "0615/093736", "correlationVector":"RhDeY+Vlk2tUZ7HZN/vBQ5.33","action":"GetUpdates", "result":"DeleteReceived", "context":{"id":"7ae25891-66d1-4364-aff5-3f59412f60b3", "isDeleted:":"true", "version":"1686817597878"}}
{"logTime": "0615/093736", "correlationVector":"RhDeY+Vlk2tUZ7HZN/vBQ5.34","action":"GetUpdates", "result":"DeleteReceived", "context":{"id":"93bc59b4-c1b1-4282-91b4-6f0299ae12b6", "isDeleted:":"true", "version":"1686817597879"}}
{"logTime": "0615/093736", "correlationVector":"RhDeY+Vlk2tUZ7HZN/vBQ5.35","action":"GetUpdates", "result":"DeleteReceived", "context":{"id":"72421da2-2b37-490d-80f7-cabe105702df", "isDeleted:":"true", "version":"1686817597885"}}
{"logTime": "0615/093736", "correlationVector":"RhDeY+Vlk2tUZ7HZN/vBQ5.36","action":"GetUpdates", "result":"DeleteReceived", "context":{"id":"84e88640-7e07-411c-83c2-8949e3dd1843", "isDeleted:":"true", "version":"1686817597886"}}
{"logTime": "0615/093736", "correlationVector":"RhDeY+Vlk2tUZ7HZN/vBQ5.37","action":"GetUpdates", "result":"DeleteReceived", "context":{"id":"c918405c-b816-4a29-a1fd-023b10db7e0b", "isDeleted:":"true", "version":"1686817597887"}}
{"logTime": "0615/093736", "correlationVector":"RhDeY+Vlk2tUZ7HZN/vBQ5.38","action":"GetUpdates", "result":"DeleteReceived", "context":{"id":"edb52cfe-8403-44a4-805d-ab84b52ed4a0", "isDeleted:":"true", "version":"1686817597889"}}
{"logTime": "0615/093736", "correlationVector":"RhDeY+Vlk2tUZ7HZN/vBQ5.39","action":"GetUpdates", "result":"DeleteReceived", "context":{"id":"f2e11d05-4df5-45e2-8d68-594709412618", "isDeleted:":"true", "version":"1686817597893"}}
{"logTime": "0615/093736", "correlationVector":"RhDeY+Vlk2tUZ7HZN/vBQ5.40","action":"GetUpdates", "result":"DeleteReceived", "context":{"id":"191d59d1-0ba5-4848-8a81-e3a331af8c83", "isDeleted:":"true", "version":"1686817600315"}}
{"logTime": "0615/093736", "correlationVector":"RhDeY+Vlk2tUZ7HZN/vBQ5.41","action":"GetUpdates", "result":"DeleteReceived", "context":{"id":"cec57713-661b-4f2a-8d1a-73767f623532", "isDeleted:":"true", "version":"1686817600318"}}
{"logTime": "0615/093736", "correlationVector":"RhDeY+Vlk2tUZ7HZN/vBQ5.42","action":"GetUpdates", "result":"DeleteReceived", "context":{"id":"d51e0ee3-8c90-4c37-a621-ffedaef02428", "isDeleted:":"true", "version":"1686817600322"}}
{"logTime": "0615/093736", "correlationVector":"RhDeY+Vlk2tUZ7HZN/vBQ5.43","action":"GetUpdates", "result":"DeleteReceived", "context":{"id":"82666334-0ce3-4e40-a01a-79436296320b", "isDeleted:":"true", "version":"1686817600324"}}
{"logTime": "0615/093736", "correlationVector":"RhDeY+Vlk2tUZ7HZN/vBQ5.44","action":"GetUpdates", "result":"DeleteReceived", "context":{"id":"952c374f-a46e-490a-9ec3-b191734526b8", "isDeleted:":"true", "version":"1686817600325"}}
{"logTime": "0615/093736", "correlationVector":"RhDeY+Vlk2tUZ7HZN/vBQ5.45","action":"GetUpdates", "result":"DeleteReceived", "context":{"id":"abf2421e-bbfe-464b-9e71-e556a66b3445", "isDeleted:":"true", "version":"1686817600326"}}
{"logTime": "0615/093736", "correlationVector":"RhDeY+Vlk2tUZ7HZN/vBQ5.46","action":"GetUpdates", "result":"DeleteReceived", "context":{"id":"0e7e9403-b016-4680-96e3-117348a00170", "isDeleted:":"true", "version":"1686817600327"}}
{"logTime": "0615/093736", "correlationVector":"RhDeY+Vlk2tUZ7HZN/vBQ5.47","action":"GetUpdates", "result":"DeleteReceived", "context":{"id":"243b862f-65dc-4227-9c90-4f4751c1db60", "isDeleted:":"true", "version":"1686817600328"}}
{"logTime": "0615/093736", "correlationVector":"RhDeY+Vlk2tUZ7HZN/vBQ5.48","action":"GetUpdates", "result":"DeleteReceived", "context":{"id":"272e8f04-cfbd-4713-8f1b-5b1747551621", "isDeleted:":"true", "version":"1686817600334"}}
{"logTime": "0615/093736", "correlationVector":"RhDeY+Vlk2tUZ7HZN/vBQ5.49","action":"GetUpdates", "result":"DeleteReceived", "context":{"id":"72a7b41f-6c76-492d-9615-f77c29d90ba2", "isDeleted:":"true", "version":"1686817602349"}}
{"logTime": "0615/093736", "correlationVector":"RhDeY+Vlk2tUZ7HZN/vBQ5.50","action":"GetUpdates", "result":"DeleteReceived", "context":{"id":"f6a366e6-d052-4c36-b03c-0b3bd2b6c0ae", "isDeleted:":"true", "version":"1686817602351"}}
{"logTime": "0615/093736", "correlationVector":"RhDeY+Vlk2tUZ7HZN/vBQ5.51","action":"GetUpdates", "result":"DeleteReceived", "context":{"id":"65778534-a919-4078-92f2-c1746896b3fa", "isDeleted:":"true", "version":"1686817602353"}}
{"logTime": "0615/093736", "correlationVector":"RhDeY+Vlk2tUZ7HZN/vBQ5.52","action":"GetUpdates", "result":"DeleteReceived", "context":{"id":"0df880a0-07a0-4943-b0f8-4feee8f22925", "isDeleted:":"true", "version":"1686817602355"}}
{"logTime": "0615/093736", "correlationVector":"RhDeY+Vlk2tUZ7HZN/vBQ5.53","action":"GetUpdates", "result":"DeleteReceived", "context":{"id":"6d44d2c5-9561-4f5c-bdf8-cc6fa50dce26", "isDeleted:":"true", "version":"1686817602359"}}
{"logTime": "0615/093736", "correlationVector":"RhDeY+Vlk2tUZ7HZN/vBQ5.54","action":"GetUpdates", "result":"DeleteReceived", "context":{"id":"49ed8207-d203-48ef-a860-cba91d649143", "isDeleted:":"true", "version":"1686817602361"}}
{"logTime": "0615/093736", "correlationVector":"RhDeY+Vlk2tUZ7HZN/vBQ5.55","action":"GetUpdates", "result":"DeleteReceived", "context":{"id":"391403f8-9c27-4b19-b163-51f30d83d7e0", "isDeleted:":"true", "version":"1686817602362"}}
{"logTime": "0615/093736", "correlationVector":"RhDeY+Vlk2tUZ7HZN/vBQ5.56","action":"GetUpdates", "result":"DeleteReceived", "context":{"id":"f64498a4-34bd-4e44-894a-bb603bcfd56d", "isDeleted:":"true", "version":"1686817602363"}}
{"logTime": "0615/093736", "correlationVector":"RhDeY+Vlk2tUZ7HZN/vBQ5.57","action":"GetUpdates", "result":"DeleteReceived", "context":{"id":"e8423862-4905-46d3-90ae-1b17c914c5ff", "isDeleted:":"true", "version":"1686817602364"}}
{"logTime": "0615/093736", "correlationVector":"RhDeY+Vlk2tUZ7HZN/vBQ5.58","action":"GetUpdates", "result":"DeleteReceived", "context":{"id":"70f34fe6-8a74-487e-a952-962160a22070", "isDeleted:":"true", "version":"1686817602366"}}
{"logTime": "0615/093736", "correlationVector":"RhDeY+Vlk2tUZ7HZN/vBQ5.59","action":"GetUpdates", "result":"DeleteReceived", "context":{"id":"96d3a283-0492-4c91-a32a-efa133e7dbeb", "isDeleted:":"true", "version":"1686817603685"}}
{"logTime": "0615/093736", "correlationVector":"RhDeY+Vlk2tUZ7HZN/vBQ5.60","action":"GetUpdates", "result":"DeleteReceived", "context":{"id":"4dafad1c-9928-4a62-a060-17098ca0c06b", "isDeleted:":"true", "version":"1686817603686"}}
{"logTime": "0615/093736", "correlationVector":"RhDeY+Vlk2tUZ7HZN/vBQ5.61","action":"GetUpdates", "result":"DeleteReceived", "context":{"id":"0fb3f87c-73cc-4a7f-98d8-584ab4ef2d67", "isDeleted:":"true", "version":"1686817603687"}}
{"logTime": "0615/093736", "correlationVector":"RhDeY+Vlk2tUZ7HZN/vBQ5.62","action":"GetUpdates", "result":"DeleteReceived", "context":{"id":"bef04a60-26b5-4ef0-b7f8-4a143f500434", "isDeleted:":"true", "version":"1686817603688"}}
{"logTime": "0615/093736", "correlationVector":"RhDeY+Vlk2tUZ7HZN/vBQ5.63","action":"GetUpdates", "result":"DeleteReceived", "context":{"id":"47e8072f-5b3e-4ad2-ab70-1cbb01e44756", "isDeleted:":"true", "version":"1686817603691"}}
{"logTime": "0615/093736", "correlationVector":"RhDeY+Vlk2tUZ7HZN/vBQ5.64","action":"GetUpdates", "result":"DeleteReceived", "context":{"id":"16814f6f-8ce7-4606-a73e-35dbcae81367", "isDeleted:":"true", "version":"1686817603692"}}
{"logTime": "0615/093736", "correlationVector":"RhDeY+Vlk2tUZ7HZN/vBQ5.65","action":"GetUpdates", "result":"DeleteReceived", "context":{"id":"99ad8a34-9cb8-47b4-8359-c6bf51d3b57d", "isDeleted:":"true", "version":"1686817603693"}}
{"logTime": "0615/093736", "correlationVector":"RhDeY+Vlk2tUZ7HZN/vBQ5.66","action":"GetUpdates", "result":"DeleteReceived", "context":{"id":"85c1bb07-45f4-46d0-af69-e74f24e33dc2", "isDeleted:":"true", "version":"1686817603694"}}
{"logTime": "0615/093736", "correlationVector":"RhDeY+Vlk2tUZ7HZN/vBQ5.67","action":"GetUpdates", "result":"DeleteReceived", "context":{"id":"6d0d7666-2839-4077-89ef-75b22a787674", "isDeleted:":"true", "version":"1686819233242"}}
{"logTime": "0615/093736", "correlationVector":"RhDeY+Vlk2tUZ7HZN/vBQ5.68","action":"GetUpdates", "result":"DeleteReceived", "context":{"id":"bfd4fe06-3069-4f44-84d3-da17aa8c6f1c", "isDeleted:":"true", "version":"1686819237689"}}
{"logTime": "0615/093736", "correlationVector":"RhDeY+Vlk2tUZ7HZN/vBQ5.69","action":"GetUpdates", "result":"DeleteReceived", "context":{"id":"6c0397d5-60c6-41e8-9926-564698f4158e", "isDeleted:":"true", "version":"1686819237690"}}
{"logTime": "0615/093736", "correlationVector":"RhDeY+Vlk2tUZ7HZN/vBQ5.70","action":"GetUpdates Response", "result":"SYNCER_OK", "context":Received 140 update(s). cV=RhDeY+Vlk2tUZ7HZN/vBQ5.0;server=GENERAL0100001A;cloudType=Consumer;environment=Prod_NorthEurope_000h;migrationStage=NotStarted}
{"logTime": "0615/093736", "correlationVector":"0xI5/+y3As81FU8ULpoeif","action":"Commit Request", "result":"", "context":Item count: 5
Contributing types: Sessions, User Consents}
{"logTime": "0615/093736", "correlationVector":"0xI5/+y3As81FU8ULpoeif.1","action":"SyncServerConnectionManagerRequest", "result":"SYNC_SERVER_OK", "context":{"environment":"Prod_NorthEurope_000h", "migrationStage":"NotStarted", "server":"GENERAL0100002C"}}
{"logTime": "0615/093736", "correlationVector":"0xI5/+y3As81FU8ULpoeif.3","action":"Commit.Sessions", "result":"Success", "context":{"id":"5e818677-a282-44d6-8b55-97d4a65ebcb5", "isDeleted":"true", "size":"0", "version":"1686812493610"}}
{"logTime": "0615/093736", "correlationVector":"0xI5/+y3As81FU8ULpoeif.2","action":"Commit Response", "result":"SYNCER_OK", "context":Result: SYNCER_OK. cV=0xI5/+y3As81FU8ULpoeif.0;server=GENERAL0100002C;cloudType=Consumer;environment=Prod_NorthEurope_000h;migrationStage=NotStarted}
{"logTime": "0615/093736", "correlationVector":"dUXJDoM3bSUeH7O8Doft1V","action":"Initial GetUpdates", "result":"", "context":Reason: NEWLY_SUPPORTED_DATATYPE. cV=dUXJDoM3bSUeH7O8Doft1V}
{"logTime": "0615/093737", "correlationVector":"dUXJDoM3bSUeH7O8Doft1V.1","action":"SyncServerConnectionManagerRequest", "result":"SYNC_SERVER_OK", "context":{"environment":"Prod_NorthEurope_000h", "migrationStage":"NotStarted", "server":"general0100001V"}}
{"logTime": "0615/093737", "correlationVector":"dUXJDoM3bSUeH7O8Doft1V.2","action":"GetUpdates", "result":"DeleteReceived", "context":{"id":"dc3241e5-694a-40b4-b0cc-e0f21437a221", "isDeleted:":"true", "version":"1677070068682"}}
{"logTime": "0615/093737", "correlationVector":"dUXJDoM3bSUeH7O8Doft1V.3","action":"GetUpdates", "result":"DeleteReceived", "context":{"id":"ab27530e-d95b-4863-8569-ae868efd6615", "isDeleted:":"true", "version":"1677070070671"}}
{"logTime": "0615/093737", "correlationVector":"dUXJDoM3bSUeH7O8Doft1V.4","action":"GetUpdates", "result":"DeleteReceived", "context":{"id":"61c146e2-8195-4c3f-b741-fbf5fae35671", "isDeleted:":"true", "version":"1679677645522"}}
{"logTime": "0615/093737", "correlationVector":"dUXJDoM3bSUeH7O8Doft1V.5","action":"GetUpdates", "result":"DeleteReceived", "context":{"id":"161fe386-0fee-4417-8e0d-43906436a92f", "isDeleted:":"true", "version":"1679677837265"}}
{"logTime": "0615/093737", "correlationVector":"dUXJDoM3bSUeH7O8Doft1V.6","action":"GetUpdates", "result":"DeleteReceived", "context":{"id":"488d797f-9b88-49d8-a23c-61fc49cdf547", "isDeleted:":"true", "version":"1680029997078"}}
{"logTime": "0615/093737", "correlationVector":"dUXJDoM3bSUeH7O8Doft1V.7","action":"GetUpdates", "result":"DeleteReceived", "context":{"id":"45d67445-0702-4652-baad-5aa244d96f31", "isDeleted:":"true", "version":"1680598172302"}}
{"logTime": "0615/093737", "correlationVector":"dUXJDoM3bSUeH7O8Doft1V.8","action":"GetUpdates", "result":"DeleteReceived", "context":{"id":"57c20944-c97b-4b15-8c49-b1ff34b2ff72", "isDeleted:":"true", "version":"1680911806174"}}
{"logTime": "0615/093737", "correlationVector":"dUXJDoM3bSUeH7O8Doft1V.9","action":"GetUpdates", "result":"DeleteReceived", "context":{"id":"2d2d7bdf-7b55-44a7-9d00-7ca36fe91eb4", "isDeleted:":"true", "version":"1682683755705"}}
{"logTime": "0615/093737", "correlationVector":"dUXJDoM3bSUeH7O8Doft1V.10","action":"GetUpdates", "result":"DeleteReceived", "context":{"id":"8fd87401-3035-43e0-8de3-f5c6ba2b0e43", "isDeleted:":"true", "version":"1683015513710"}}
{"logTime": "0615/093737", "correlationVector":"dUXJDoM3bSUeH7O8Doft1V.11","action":"GetUpdates", "result":"DeleteReceived", "context":{"id":"2841fe54-7802-44fb-a21e-96710b9ef0b3", "isDeleted:":"true", "version":"1683463253187"}}
{"logTime": "0615/093737", "correlationVector":"dUXJDoM3bSUeH7O8Doft1V.12","action":"GetUpdates", "result":"DeleteReceived", "context":{"id":"651605f6-6ddf-473a-8d53-d2293a818ddd", "isDeleted:":"true", "version":"1683649045861"}}
{"logTime": "0615/093737", "correlationVector":"dUXJDoM3bSUeH7O8Doft1V.13","action":"GetUpdates", "result":"DeleteReceived", "context":{"id":"6dd86b3e-8dc3-425a-b587-33dfa92a2805", "isDeleted:":"true", "version":"1683649065125"}}
{"logTime": "0615/093737", "correlationVector":"dUXJDoM3bSUeH7O8Doft1V.14","action":"GetUpdates", "result":"DeleteReceived", "context":{"id":"3dfba18a-96ea-41b0-ad33-54db1fa975d8", "isDeleted:":"true", "version":"1684319865804"}}
{"logTime": "0615/093737", "correlationVector":"dUXJDoM3bSUeH7O8Doft1V.15","action":"GetUpdates", "result":"DeleteReceived", "context":{"id":"5daf56c4-5bc9-4d1e-967b-8dad0d586822", "isDeleted:":"true", "version":"1684778632635"}}
{"logTime": "0615/093737", "correlationVector":"dUXJDoM3bSUeH7O8Doft1V.16","action":"GetUpdates Response", "result":"SYNCER_OK", "context":Received 141 update(s). cV=dUXJDoM3bSUeH7O8Doft1V.0;server=general0100001V;cloudType=Consumer;environment=Prod_NorthEurope_000h;migrationStage=NotStarted}
{"logTime": "0615/093737", "correlationVector":"V8ymuw/gHgcHnmiGo2Q3a2","action":"Normal GetUpdate request", "result":"", "context":cV=V8ymuw/gHgcHnmiGo2Q3a2
Nudged types: Sessions
Refresh requested types: Bookmarks, Preferences, Passwords, Autofill Profiles, Autofill, Autofill Custom Data, Typed URLs, Extensions, Sessions, Extension settings, History Delete Directives, Device Info, User Consents, Send Tab To Self, Web Apps, Collection, Edge E Drop, Encryption Keys}
{"logTime": "0615/093738", "correlationVector":"V8ymuw/gHgcHnmiGo2Q3a2.1","action":"SyncServerConnectionManagerRequest", "result":"SYNC_SERVER_OK", "context":{"environment":"Prod_WestEurope_000l", "migrationStage":"NotStarted", "server":"GENERAL0100000W"}}
{"logTime": "0615/093738", "correlationVector":"V8ymuw/gHgcHnmiGo2Q3a2.2","action":"GetUpdates", "result":"DeleteReceived", "context":{"id":"5e818677-a282-44d6-8b55-97d4a65ebcb5", "isDeleted:":"true", "version":"1686821856506"}}
{"logTime": "0615/093738", "correlationVector":"V8ymuw/gHgcHnmiGo2Q3a2.3","action":"GetUpdates Response", "result":"SYNCER_OK", "context":Received 6 update(s). cV=V8ymuw/gHgcHnmiGo2Q3a2.0;server=GENERAL0100000W;cloudType=Consumer;environment=Prod_WestEurope_000l;migrationStage=NotStarted}
{"logTime": "0615/093738", "correlationVector":"eiTGl9QOwsFVFCDPNiC5Yq","action":"Commit Request", "result":"", "context":Item count: 1
Contributing types: Sessions}
{"logTime": "0615/093738", "correlationVector":"eiTGl9QOwsFVFCDPNiC5Yq.1","action":"SyncServerConnectionManagerRequest", "result":"SYNC_SERVER_OK", "context":{"environment":"Prod_WestEurope_x00e", "migrationStage":"NotStarted", "server":"GENERAL0100000V"}}
{"logTime": "0615/093738", "correlationVector":"eiTGl9QOwsFVFCDPNiC5Yq.2","action":"Commit Response", "result":"SYNCER_OK", "context":Result: SYNCER_OK. cV=eiTGl9QOwsFVFCDPNiC5Yq.0;server=GENERAL0100000V;cloudType=Consumer;environment=Prod_WestEurope_x00e;migrationStage=NotStarted}
{"logTime": "0615/093739", "correlationVector":"GbY/wDvqDru1fzvFHpoiCB","action":"Normal GetUpdate request", "result":"", "context":cV=GbY/wDvqDru1fzvFHpoiCB
Nudged types: Sessions
Notified types: Device Info}
{"logTime": "0615/093740", "correlationVector":"GbY/wDvqDru1fzvFHpoiCB.1","action":"SyncServerConnectionManagerRequest", "result":"SYNC_SERVER_OK", "context":{"environment":"Prod_NorthEurope_000h", "migrationStage":"NotStarted", "server":"GENERAL01000020"}}
{"logTime": "0615/093740", "correlationVector":"GbY/wDvqDru1fzvFHpoiCB.2","action":"GetUpdates Response", "result":"SYNCER_OK", "context":Received 1 update(s). cV=GbY/wDvqDru1fzvFHpoiCB.0;server=GENERAL01000020;cloudType=Consumer;environment=Prod_NorthEurope_000h;migrationStage=NotStarted}
{"logTime": "0615/093744", "correlationVector":"ZOgSUoE3fDdbayhsXu8Hw8","action":"Commit Request", "result":"", "context":Item count: 1
Contributing types: Autofill Profiles}
{"logTime": "0615/093746", "correlationVector":"ZOgSUoE3fDdbayhsXu8Hw8.1","action":"SyncServerConnectionManagerRequest", "result":"SYNC_SERVER_OK", "context":{"environment":"Prod_NorthEurope_x00f", "migrationStage":"NotStarted", "server":"GENERAL0100000V"}}
{"logTime": "0615/093746", "correlationVector":"ZOgSUoE3fDdbayhsXu8Hw8.2","action":"Commit Response", "result":"SYNCER_OK", "context":Result: SYNCER_OK. cV=ZOgSUoE3fDdbayhsXu8Hw8.0;server=GENERAL0100000V;cloudType=Consumer;environment=Prod_NorthEurope_x00f;migrationStage=NotStarted}
{"logTime": "0615/093757", "correlationVector":"QcgsS6wmWiccNraisnXPM9","action":"Commit Request", "result":"", "context":Item count: 1
Contributing types: Passwords}
{"logTime": "0615/093759", "correlationVector":"QcgsS6wmWiccNraisnXPM9.1","action":"SyncServerConnectionManagerRequest", "result":"SYNC_SERVER_OK", "context":{"environment":"Prod_NorthEurope_000h", "migrationStage":"NotStarted", "server":"GENERAL01000019"}}
{"logTime": "0615/093759", "correlationVector":"QcgsS6wmWiccNraisnXPM9.2","action":"Commit Response", "result":"SYNCER_OK", "context":Result: SYNCER_OK. cV=QcgsS6wmWiccNraisnXPM9.0;server=GENERAL01000019;cloudType=Consumer;environment=Prod_NorthEurope_000h;migrationStage=NotStarted}
{"logTime": "0615/093814", "correlationVector":"nRLUeYvN3g4w/ilqxBlWEu","action":"Commit Request", "result":"", "context":Item count: 1
Contributing types: Passwords}
{"logTime": "0615/093816", "correlationVector":"nRLUeYvN3g4w/ilqxBlWEu.1","action":"SyncServerConnectionManagerRequest", "result":"SYNC_SERVER_OK", "context":{"environment":"Prod_NorthEurope_000h", "migrationStage":"NotStarted", "server":"GENERAL0100001H"}}
{"logTime": "0615/093816", "correlationVector":"nRLUeYvN3g4w/ilqxBlWEu.2","action":"Commit Response", "result":"SYNCER_OK", "context":Result: SYNCER_OK. cV=nRLUeYvN3g4w/ilqxBlWEu.0;server=GENERAL0100001H;cloudType=Consumer;environment=Prod_NorthEurope_000h;migrationStage=NotStarted}
{"logTime": "0615/093847", "correlationVector":"w8PoltvGUGlunJL2PmkX6j","action":"Commit Request", "result":"", "context":Item count: 3
Contributing types: Sessions}
{"logTime": "0615/093849", "correlationVector":"w8PoltvGUGlunJL2PmkX6j.1","action":"SyncServerConnectionManagerRequest", "result":"SYNC_SERVER_OK", "context":{"environment":"Prod_NorthEurope_000h", "migrationStage":"NotStarted", "server":"GENERAL0100000B"}}
{"logTime": "0615/093849", "correlationVector":"w8PoltvGUGlunJL2PmkX6j.2","action":"Commit Response", "result":"SYNCER_OK", "context":Result: SYNCER_OK. cV=w8PoltvGUGlunJL2PmkX6j.0;server=GENERAL0100000B;cloudType=Consumer;environment=Prod_NorthEurope_000h;migrationStage=NotStarted}
{"logTime": "0615/093920", "correlationVector":"bnCR1SaJGjBNTKvlh2acTX","action":"Commit Request", "result":"", "context":Item count: 1
Contributing types: Sessions}
{"logTime": "0615/093920", "correlationVector":"bnCR1SaJGjBNTKvlh2acTX.1","action":"SyncServerConnectionManagerRequest", "result":"SYNC_SERVER_OK", "context":{"environment":"Prod_NorthEurope_000h", "migrationStage":"NotStarted", "server":"GENERAL01000012"}}
{"logTime": "0615/093920", "correlationVector":"bnCR1SaJGjBNTKvlh2acTX.2","action":"Commit Response", "result":"SYNCER_OK", "context":Result: SYNCER_OK. cV=bnCR1SaJGjBNTKvlh2acTX.0;server=GENERAL01000012;cloudType=Consumer;environment=Prod_NorthEurope_000h;migrationStage=NotStarted}
{"logTime": "0615/094008", "correlationVector":"kiFJ+p4suWXx6VJtzMs3JQ","action":"Commit Request", "result":"", "context":Item count: 4
Contributing types: Sessions}
{"logTime": "0615/094009", "correlationVector":"kiFJ+p4suWXx6VJtzMs3JQ.1","action":"SyncServerConnectionManagerRequest", "result":"SYNC_SERVER_OK", "context":{"environment":"Prod_NorthEurope_000h", "migrationStage":"NotStarted", "server":"GENERAL0100002I"}}
{"logTime": "0615/094009", "correlationVector":"kiFJ+p4suWXx6VJtzMs3JQ.3","action":"Commit.Sessions", "result":"Success", "context":{"id":"cc3ba835-8809-4dae-a727-75fe76732da0", "isDeleted":"true", "size":"0", "version":"1686821856504"}}
{"logTime": "0615/094009", "correlationVector":"kiFJ+p4suWXx6VJtzMs3JQ.2","action":"Commit Response", "result":"SYNCER_OK", "context":Result: SYNCER_OK. cV=kiFJ+p4suWXx6VJtzMs3JQ.0;server=GENERAL0100002I;cloudType=Consumer;environment=Prod_NorthEurope_000h;migrationStage=NotStarted}
{"logTime": "0615/094009", "correlationVector":"kiFJ+p4suWXx6VJtzMs3JQ.4","action":"Commit.Sessions", "result":"Success", "context":{"id":"6d217e41-622b-4e69-9177-17d7b42a322e", "isDeleted":"true", "size":"0", "version":"1686821960064"}}
{"logTime": "0615/094009", "correlationVector":"kiFJ+p4suWXx6VJtzMs3JQ.5","action":"Commit.Sessions", "result":"Success", "context":{"id":"ee3668c7-b999-4774-b734-4c49093e165a", "isDeleted":"true", "size":"0", "version":"1686821928019"}}
